<?xml version="1.0" encoding="UTF-8"?>
<!-- Generated by org.testng.reporters.JUnitReportReporter -->
<testsuite hostname="DESKTOP-3EHUB56" failures="0" tests="2" name="com.sqa.TestAppAutomation.App" time="92.988" errors="0" timestamp="2024-03-14T02:13:48 BDT" skipped="0">
  <testcase classname="com.sqa.TestAppAutomation.App" name="app_test_1" time="43.687"/>
  <system-out/>
  <testcase classname="com.sqa.TestAppAutomation.App" name="app_test_2" time="49.301"/>
  <system-out/>
</testsuite> <!-- com.sqa.TestAppAutomation.App -->
